#################################################
workspace
├── setup.py
├── LICENSE.txt
├── django
│   └── __init__.py
├── .git
│   ├── HEAD
│   ├── objects
│   │   ├── f1
│   │   │   └── d384f07bd5b4b8075a0694185afc46be21e124
│   │   ├── eb
│   │   │   └── 5d6fdab220f7b55c1cbf81a92f26e74e76d0a7
│   │   ├── c2
│   │   │   └── b5501122099bcae8ac3808a6fd8d29203db15a
│   │   ├── 48
│   │   │   └── 0b58b0d9c996156a9f525b9a537a0ad919b6fd
│   │   ├── 24
│   │   │   └── 649e5b8598fd7f7b89400fe768aa8a710f97d6
│   │   ├── pack
│   │   ├── df
│   │   │   └── bf73e506d96d058dbe3d3a7cbdbf17e6322c59
│   │   ├── 2b
│   │   │   └── 16f9e493432362b6e25e934c7418f426ffce86
│   │   ├── b6
│   │   │   └── 1b2c05538fcc3b37a7d1dc3a4a6bdb9385f68e
│   │   ├── 30
│   │   │   └── 6105783304f1550204ed2b0efeac569c815891
│   │   ├── 3f
│   │   │   └── 483b10e9d68a217ae84c0d144f452919443d2f
│   │   ├── 05
│   │   │   ├── b91ee76136bbb7dd14b24192962a313fe2d451
│   │   │   └── 1be1a7a8549a1f5f7440085639af3edf274001
│   │   ├── 45
│   │   │   └── d4eca92482c6ba97fdf9a0b53765a9d3248866
│   │   ├── b4
│   │   │   └── f75c13ebf506203ff9c5152bbbe56c9aa29405
│   │   ├── 87
│   │   │   └── 59626063a122fdea7f8f73357fec15ca3ffa80
│   │   ├── 4b
│   │   │   └── 78de8412ead24bacca881f0c2ef83b9a13ba35
│   │   ├── 0a
│   │   │   └── 948608fcf797f0d55ba50733035351450f7929
│   │   ├── 88
│   │   │   └── 51b55b2b6ba47fc1e8bc76227b8ab6d8d304d2
│   │   ├── 2a
│   │   │   └── da05b74d691ff04f8e75e571abe35b6b6413b7
│   │   ├── e3
│   │   │   └── fd2b66856f47c5a493130e89bd48cf4b5443b4
│   │   ├── fe
│   │   │   └── 53f10f99a8c6a2f22ae5aa1ca26bd430afe020
│   │   ├── 2d
│   │   │   └── c2e8798440f8b05fc907287ebd54258b5c8ea9
│   │   ├── 71
│   │   │   └── 5dde02a154e818b07a5c7f14604e55dbdd9d93
│   │   ├── af
│   │   │   └── fc1306f71b0ea5acffa3198e33435bd987ac20
│   │   ├── 4d
│   │   │   └── 23e6f1efde562a258a0f52339b91b32215959c
│   │   ├── 9d
│   │   │   └── 1dcfdaf1a6857c5f83dc27019c7600e1ffaff8
│   │   ├── info
│   │   ├── aa
│   │   │   └── 094d9f64a7cc9debc3bc069b28f8398a62508f
│   │   ├── 97
│   │   │   └── 3a63be7abcb8bdd324d24e5140093d0e56e10e
│   │   ├── c9
│   │   │   └── c2de91a00f9040682898df6122b9b55125ae5d
│   │   ├── 3b
│   │   │   └── d3b5a80009b500e3e466ba237cbd6b49c60ec5
│   │   ├── f5
│   │   │   └── 81682dc124640dda0a73f46d3b70a8d4428666
│   │   ├── 68
│   │   │   └── b8f02c4191339cfea296e8aefc93887d09c223
│   │   ├── 42
│   │   │   └── fa9b4f03dc1ee0bcaf0a9c84fcb25a893bad05
│   │   ├── b3
│   │   │   └── 69968545ed8b865255d084c94482dab84de77e
│   │   ├── 6b
│   │   │   └── 235cfec2aa3378fa28a0c3f0b53bf2799e0a33
│   │   ├── 07
│   │   │   └── 2713a421e96f0cc7d70de650d148f1512df51a
│   │   ├── 1f
│   │   │   └── acfbac556f8e938d75ba6e53d8be00eb5c2ae6
│   │   ├── f4
│   │   │   └── 980192fadfa84155f69a1f04b34521886b5c6b
│   │   ├── ae
│   │   │   └── ae96ff2706a3d404c5b543b4a5d365dbfe9220
│   │   ├── f3
│   │   │   └── 87f3feeece7071386cb18f9f2c061217bc34ea
│   │   ├── e6
│   │   │   └── 9de29bb2d1d6434b8b29ae775ad8c2e48c5391
│   │   ├── db
│   │   │   └── 7fdfb788f537f810039ead90c68683c249ea1d
│   │   ├── d6
│   │   │   ├── 1928fc6282ccf00ea33206a3df5061460f49fe
│   │   │   └── dd81930f707b7fec7d642f66458b71f173a318
│   │   ├── 06
│   │   │   └── 9c8284db0873361ee777d18950419e37a35732
│   │   ├── 8b
│   │   │   └── 137891791fe96927ad78e64b0aad7bded08bdc
│   │   ├── fd
│   │   │   └── dfb41eb4a26aaca8b57fd277dcf8b0a55cd606
│   │   ├── d8
│   │   │   └── 39e84b19030ae97bfb9ee36dc7d3afe3b125b6
│   │   ├── 3c
│   │   │   └── e79c0c72edae8b7b7a3af5cea99c4b9ca2ebe2
│   │   ├── 90
│   │   │   └── 6359be19ecda8a95e89b4ea5d2994680ac6ee8
│   │   ├── 64
│   │   │   ├── dcbc5b4cb20d554a80edea0a5beecec37d68a0
│   │   │   └── 04f35d8b4708497e326380a9521d8cec071e11
│   │   ├── 9b
│   │   │   └── 7fcc1afe88ad27e41a267aead01c6fea2dac29
│   │   ├── 1d
│   │   │   └── c6f6cba62933b7cc2f6be701620c32c53c583b
│   │   ├── d2
│   │   │   └── 28c32c7658afedb94521fa1a8e44d7c1c4bb2f
│   │   ├── 8a
│   │   │   └── cdd82b765e8e0b8cd8787f7f18c7fe2ec52493
│   │   ├── 12
│   │   │   └── d51e4d48c6b1a66539b830c1bc60e540b83040
│   │   ├── 00
│   │   │   └── 08f3ccf90aa8582f3e100c818c37217ef4faf6
│   │   ├── d7
│   │   │   └── 9e09b829a45a7b7f6c5c4f1105b17f74c24532
│   │   ├── 0f
│   │   │   └── 8971bd9942a347ea402b0b5e5979b0405e1e30
│   │   └── bd
│   │       ├── fbb04d07800a901047d068a3b9d3c6175c8fae
│   │       └── 6534a86fdcc25d3f41f7c3a67d1a3059feb4b7
│   ├── config
│   ├── FETCH_HEAD
│   ├── info
│   │   └── exclude
│   ├── hooks
│   │   ├── push-to-checkout.sample
│   │   ├── prepare-commit-msg.sample
│   │   ├── pre-rebase.sample
│   │   ├── fsmonitor-watchman.sample
│   │   ├── post-update.sample
│   │   ├── pre-push.sample
│   │   ├── pre-commit.sample
│   │   ├── applypatch-msg.sample
│   │   ├── pre-merge-commit.sample
│   │   ├── pre-receive.sample
│   │   ├── pre-applypatch.sample
│   │   ├── commit-msg.sample
│   │   ├── sendemail-validate.sample
│   │   └── update.sample
│   ├── shallow
│   ├── refs
│   │   ├── heads
│   │   │   └── main
│   │   ├── remotes
│   │   │   └── origin
│   │   │       └── main
│   │   └── tags
│   ├── description
│   ├── branches
│   ├── logs
│   │   ├── HEAD
│   │   └── refs
│   │       ├── heads
│   │       │   └── main
│   │       └── remotes
│   │           └── origin
│   │               └── main
│   └── index
├── dist
│   ├── fetch_sdss_images-0.0.1-py3.9.egg
│   └── fetch_sdss_images-0.0.1.tar.gz
├── fetch_sdss_images.egg-info
│   ├── PKG-INFO
│   ├── dependency_links.txt
│   ├── SOURCES.txt
│   ├── top_level.txt
│   └── requires.txt
├── version.txt
├── figures
│   ├── Education_white_background.png
│   ├── Fetch SDSS Images.png
│   ├── Education_black_background.png
│   ├── Fetch_SDSS_Images.png
│   ├── NGC5750.jpg
│   ├── PEP8-StyleGuide.jpg
│   ├── Education_black_background-removebg.png
│   └── Education,_Studying,_University,_Alumni_-_icon.png
├── README.md
├── src
│   ├── python
│   │   ├── download_image_sdss.py
│   │   ├── 0266.51602.001.jpg
│   │   ├── spec-1774-53759-272.jpg
│   │   ├── spec-266-51602-1.jpg
│   │   ├── spec-271-51883-293.jpg
│   │   ├── __pycache__
│   │   │   └── download_image_SDSS.cpython-39.pyc
│   │   ├── objects.txt
│   │   ├── __init__.py
│   │   ├── test_filenoIDS.jpg
│   │   ├── 1774.53759.272.jpg
│   │   ├── NGC5750.jpg
│   │   ├── 1627.53473.303.jpg
│   │   ├── NGC3521.jpg
│   │   ├── NGC1055.jpg
│   │   ├── spec-1627-53473-303.jpg
│   │   └── 0271.51883.293.jpg
│   └── bash
│       ├── download_image_SDSS_DR13.sh
│       ├── download_image_SDSS_DR17.sh
│       ├── 0266.51602.001.jpg
│       ├── download_image_SDSS_DR12.sh
│       ├── download_image_SDSS_DR14.sh
│       ├── download_image_SDSS_DR10.sh
│       ├── download_image_SDSS_DR7.sh
│       ├── download_image_SDSS_DR16.sh
│       ├── download_image_SDSS_DR15.sh
│       ├── objects.txt
│       ├── download_image_SDSS_DR8.sh
│       ├── download_image_SDSS_DR9.sh
│       ├── 1774.53759.272.jpg
│       ├── download_image_SDSS_DR18.sh
│       ├── download_image_SDSS_DR11.sh
│       ├── 1627.53473.303.jpg
│       └── 0271.51883.293.jpg
├── .github
│   └── workflows
│       ├── main.yml
│       └── pylint.yml
└── build
    └── lib
        └── fetch_sdss_images
            ├── download_image_sdss.py
            └── __init__.py
... length_limit, 1000, reached, counted:

332 directories, 840 files
#################################################
Generated with tree_colored @ 2023 - © Jean Gomes
#################################################
